<?xml version="1.0" encoding="UTF-8"?>
<!-- Generated by org.testng.reporters.JUnitReportReporter -->
<testsuite hostname="MS026" name="shopping.Shopautomation" tests="4" failures="0" timestamp="16 Oct 2017 23:48:58 GMT" time="4.665" errors="0">
  <testcase name="tshirt" time="2.363" classname="shopping.Shopautomation"/>
  <testcase name="search" time="0.289" classname="shopping.Shopautomation"/>
  <testcase name="submit1" time="1.691" classname="shopping.Shopautomation"/>
  <testcase name="wishlist" time="0.322" classname="shopping.Shopautomation"/>
</testsuite> <!-- shopping.Shopautomation -->
